2025-07-02 09:52:00 | INFO | repo=course-sys-int-systems-exam | action=commit
2025-08-23 10:35:00 | DEBUG | repo=course-sys-int-systems-exam | action=commit
2025-08-10 08:34:00 | DEBUG | repo=course-sys-int-systems-exam | action=commit
2025-04-01 20:58:00 | INFO | repo=course-sys-int-systems-exam | action=commit
2025-02-05 14:06:00 | DEBUG | repo=course-sys-int-systems-exam | action=commit
2025-06-25 13:49:00 | INFO | repo=course-sys-int-systems-exam | action=commit
2025-11-19 12:04:00 | WARN | repo=course-sys-int-systems-exam | action=commit
2025-03-09 07:10:00 | DEBUG | repo=course-sys-int-systems-exam | action=commit
2025-03-08 21:10:00 | DEBUG | repo=course-sys-int-systems-exam | action=commit
2025-04-09 15:19:00 | WARN | repo=course-sys-int-systems-exam | action=commit
2025-09-21 20:24:00 | WARN | repo=course-sys-int-systems-exam | action=edit | files=4
2025-01-26 20:03:00 | WARN | repo=course-sys-int-systems-exam | action=commit
2025-09-21 07:43:00 | INFO | repo=course-sys-int-systems-exam | action=commit
2025-09-12 11:57:00 | INFO | repo=course-sys-int-systems-exam | action=commit
2025-12-13 08:46:00 | WARN | repo=course-sys-int-systems-exam | action=commit
2025-02-02 11:46:00 | INFO | repo=course-sys-int-systems-exam | action=test | passed=true
2025-12-04 12:31:00 | WARN | repo=course-sys-int-systems-exam | action=commit
2025-05-16 14:01:00 | DEBUG | repo=course-sys-int-systems-exam | action=commit
2025-07-04 13:47:00 | WARN | repo=course-sys-int-systems-exam | action=pull
2025-01-13 19:29:00 | DEBUG | repo=course-sys-int-systems-exam | action=commit
2025-01-14 10:38:00 | INFO | repo=course-sys-int-systems-exam | action=commit
2025-04-21 13:44:00 | WARN | repo=course-sys-int-systems-exam | action=commit
2025-09-25 11:53:00 | INFO | repo=course-sys-int-systems-exam | action=commit
2025-01-08 17:15:00 | INFO | repo=course-sys-int-systems-exam | action=commit
2025-04-10 20:48:00 | DEBUG | repo=course-sys-int-systems-exam | action=commit
2025-10-13 20:31:00 | INFO | repo=course-sys-int-systems-exam | action=commit
2025-10-14 17:11:00 | INFO | repo=course-sys-int-systems-exam | action=edit | files=1
2025-10-20 16:15:00 | INFO | repo=course-sys-int-systems-exam | action=commit
2025-09-28 17:29:00 | WARN | repo=course-sys-int-systems-exam | action=pull
2025-06-16 12:32:00 | INFO | repo=course-sys-int-systems-exam | action=pull
2025-12-08 12:21:00 | DEBUG | repo=course-sys-int-systems-exam | action=commit
2025-04-12 18:51:00 | DEBUG | repo=course-sys-int-systems-exam | action=commit
2025-07-04 20:33:00 | INFO | repo=course-sys-int-systems-exam | action=commit
2025-11-25 15:27:00 | INFO | repo=course-sys-int-systems-exam | action=commit
